<?xml version="1.0" encoding="UTF-8"?>
<!-- Generated by org.testng.reporters.JUnitXMLReporter -->
<testsuite ignored="0" hostname="AD" failures="0" tests="4" name="Test" time="16.544" errors="0" timestamp="2024-03-21T14:29:01 EDT">
  <testcase classname="testCases.TC_003_LoginDDT" name="verify_loginDDT" time="0.919"/>
  <testcase classname="testCases.TC_003_LoginDDT" name="verify_loginDDT" time="0.703"/>
  <testcase classname="testCases.TC_003_LoginDDT" name="verify_loginDDT" time="0.719"/>
  <testcase classname="testCases.TC_003_LoginDDT" name="verify_loginDDT" time="10.561"/>
</testsuite> <!-- Test -->
