<?xml version="1.0" encoding="UTF-8"?>
<testng-results ignored="0" total="4" passed="4" failed="0" skipped="0">
  <reporter-output>
  </reporter-output>
  <suite started-at="2024-03-21T13:33:03 EDT" name="Suite" finished-at="2024-03-21T13:33:18 EDT" duration-ms="15050">
    <groups>
    </groups>
    <test started-at="2024-03-21T13:33:03 EDT" name="Test" finished-at="2024-03-21T13:33:18 EDT" duration-ms="15050">
      <class name="testCases.TC_003_LoginDDT">
        <test-method is-config="true" signature="setup(java.lang.String,java.lang.String)[pri:0, instance:testCases.TC_003_LoginDDT@702657cc]" started-at="2024-03-21T13:33:03 EDT" name="setup" finished-at="2024-03-21T13:33:05 EDT" duration-ms="2635" status="PASS">
          <params>
            <param index="0">
              <value>
                <![CDATA[Windows]]>
              </value>
            </param>
            <param index="1">
              <value>
                <![CDATA[chrome]]>
              </value>
            </param>
          </params>
          <reporter-output>
          </reporter-output>
        </test-method> <!-- setup -->
        <test-method signature="verify_loginDDT(java.lang.String,java.lang.String,java.lang.String)[pri:0, instance:testCases.TC_003_LoginDDT@702657cc]" started-at="2024-03-21T13:33:06 EDT" name="verify_loginDDT" data-provider="LoginData" finished-at="2024-03-21T13:33:07 EDT" duration-ms="726" status="PASS">
          <params>
            <param index="0">
              <value>
                <![CDATA[sdet123]]>
              </value>
            </param>
            <param index="1">
              <value>
                <![CDATA[numpy@123]]>
              </value>
            </param>
            <param index="2">
              <value>
                <![CDATA[valid]]>
              </value>
            </param>
          </params>
          <reporter-output>
          </reporter-output>
        </test-method> <!-- verify_loginDDT -->
        <test-method signature="verify_loginDDT(java.lang.String,java.lang.String,java.lang.String)[pri:0, instance:testCases.TC_003_LoginDDT@702657cc]" started-at="2024-03-21T13:33:07 EDT" name="verify_loginDDT" data-provider="LoginData" finished-at="2024-03-21T13:33:07 EDT" duration-ms="411" status="PASS">
          <params>
            <param index="0">
              <value>
                <![CDATA[sdet123]]>
              </value>
            </param>
            <param index="1">
              <value>
                <![CDATA[numpu@123]]>
              </value>
            </param>
            <param index="2">
              <value>
                <![CDATA[invalid]]>
              </value>
            </param>
          </params>
          <reporter-output>
          </reporter-output>
        </test-method> <!-- verify_loginDDT -->
        <test-method signature="verify_loginDDT(java.lang.String,java.lang.String,java.lang.String)[pri:0, instance:testCases.TC_003_LoginDDT@702657cc]" started-at="2024-03-21T13:33:07 EDT" name="verify_loginDDT" data-provider="LoginData" finished-at="2024-03-21T13:33:08 EDT" duration-ms="393" status="PASS">
          <params>
            <param index="0">
              <value>
                <![CDATA[sde]]>
              </value>
            </param>
            <param index="1">
              <value>
                <![CDATA[numpy@123]]>
              </value>
            </param>
            <param index="2">
              <value>
                <![CDATA[invalid]]>
              </value>
            </param>
          </params>
          <reporter-output>
          </reporter-output>
        </test-method> <!-- verify_loginDDT -->
        <test-method signature="verify_loginDDT(java.lang.String,java.lang.String,java.lang.String)[pri:0, instance:testCases.TC_003_LoginDDT@702657cc]" started-at="2024-03-21T13:33:08 EDT" name="verify_loginDDT" data-provider="LoginData" finished-at="2024-03-21T13:33:18 EDT" duration-ms="10276" status="PASS">
          <params>
            <param index="0">
              <value>
                <![CDATA[]]>
              </value>
            </param>
            <param index="1">
              <value>
                <![CDATA[numpy@123]]>
              </value>
            </param>
            <param index="2">
              <value>
                <![CDATA[invalid]]>
              </value>
            </param>
          </params>
          <reporter-output>
          </reporter-output>
        </test-method> <!-- verify_loginDDT -->
      </class> <!-- testCases.TC_003_LoginDDT -->
    </test> <!-- Test -->
  </suite> <!-- Suite -->
</testng-results>
